<testsuites id="" name="" tests="1" failures="0" skipped="0" errors="0" time="235.32685">
<testsuite name="e2e/w28a-693-jobs-conformance.spec.ts" timestamp="2026-06-01T11:11:06.318Z" hostname="chromium" tests="1" failures="0" skipped="0" time="197.378" errors="0">
<testcase name="W28A-693 PS-76 v2 Jobs page conformance" classname="e2e/w28a-693-jobs-conformance.spec.ts" time="197.378">
<system-out>
<![CDATA[
[[ATTACHMENT|test-results/e2e-w28a-693-jobs-conforma-7a8b9-76-v2-Jobs-page-conformance-chromium/trace.zip]]
]]>
</system-out>
</testcase>
</testsuite>
</testsuites>