<testsuites id="" name="" tests="2" failures="0" skipped="0" errors="0" time="11.553173000000001">
<testsuite name="e2e/w28a734r3-idam-render-reverify.spec.ts" timestamp="2026-06-09T10:25:38.380Z" hostname="chromium" tests="2" failures="0" skipped="0" time="8.58" errors="0">
<testcase name="authed admin: all 5 PS-71 /idam/* pages render real rows (live re-verify)" classname="e2e/w28a734r3-idam-render-reverify.spec.ts" time="6.936">
<system-out>
<![CDATA[
[[ATTACHMENT|pw-out2/e2e-w28a734r3-idam-render--bea62-r-real-rows-live-re-verify--chromium/trace.zip]]
]]>
</system-out>
</testcase>
<testcase name="clean context: unauth visitor is gated to login; /auth/me denies (NOT admin)" classname="e2e/w28a734r3-idam-render-reverify.spec.ts" time="1.644">
<system-out>
<![CDATA[
[[ATTACHMENT|pw-out2/e2e-w28a734r3-idam-render--b57a5-n-auth-me-denies-NOT-admin--chromium/trace.zip]]
]]>
</system-out>
</testcase>
</testsuite>
</testsuites>