<testsuites id="" name="" tests="1" failures="0" skipped="0" errors="0" time="144.83497100000002">
<testsuite name="e2e/w28a-693-jobs-conformance.spec.ts" timestamp="2026-05-31T23:24:13.923Z" hostname="chromium" tests="1" failures="0" skipped="0" time="137.291" errors="0">
<testcase name="W28A-693 PS-76 v2 Jobs page conformance" classname="e2e/w28a-693-jobs-conformance.spec.ts" time="137.291">
<system-out>
<![CDATA[
[[ATTACHMENT|../../../../cloud-dog-ai-ui-monorepo/apps/index-retriever/test-results/e2e-w28a-693-jobs-conforma-7a8b9-76-v2-Jobs-page-conformance-chromium/trace.zip]]
]]>
</system-out>
</testcase>
</testsuite>
</testsuites>